make all --print-data-base --no-builtin-variables --no-builtin-rules --question
# GNU Make 3.81
# Copyright (C) 2006  Free Software Foundation, Inc.
# This is free software; see the source for copying conditions.
# There is NO warranty; not even for MERCHANTABILITY or FITNESS FOR A
# PARTICULAR PURPOSE.

# This program built for i386-apple-darwin11.3.0

# Make data base, printed on Tue Jul 12 23:52:05 2022

# Variables

# automatic
<D = $(patsubst %/,%,$(dir $<))
# automatic
?F = $(notdir $?)
# environment
FIG_WORKFLOWS_KEYBIND = ^f
# environment
VSCODE_LOG_NATIVE = false
# automatic
?D = $(patsubst %/,%,$(dir $?))
# environment
CPPFLAGS = -I/usr/local/opt/libxml2/include
# automatic
@D = $(patsubst %/,%,$(dir $@))
# automatic
@F = $(notdir $@)
# makefile
CURDIR := /Users/aycap/Development/Golang/src/github.com/prongbang/fibergen
# makefile
SHELL = /bin/sh
# environment
VSCODE_NLS_CONFIG = {"locale":"en-us","availableLanguages":{},"_languagePackSupport":true}
# environment
_ = /usr/bin/make
# makefile (from `Makefile', line 1)
MAKEFILE_LIST :=  Makefile
# environment
JAVA_INCLUDE_DIR = /usr/lib64/java/include
# environment
VSCODE_AMD_ENTRYPOINT = vs/workbench/api/node/extensionHostProcess
# environment
VSCODE_VERBOSE_LOGGING = true
# environment
__CFBundleIdentifier = com.microsoft.VSCode
# environment
VSCODE_IPC_HOOK_EXTHOST = /var/folders/6d/tdbvmp_d4fj62k67g1tdgtd00000gn/T/vscode-ipc-030a5c10-5a34-40df-bfe8-8997a5b2a91f.sock
# environment
VSCODE_CWD = /
# environment
GOPROXY = https://proxy.golang.org,direct
# environment
PATH = /Users/aycap/.bun/bin:/Users/aycap/Library/flutter/bin:/Users/aycap/Library/Android/sdk/ndk-bundle:/Users/aycap/Development/cocos2d-x/templates:/Users/aycap/Development:/Users/aycap/Development/cocos2d-x/tools/cocos2d-console/bin:/Users/aycap/Development/Tools/sonar-scanner/bin:/Users/aycap/Development/cocos2d-x:/Users/aycap/Development/Tools/loadtest/wrk:/Users/aycap/Development/Gcloud/google-cloud-sdk/bin:/usr/local/opt/libxml2/bin:/usr/local/opt/openssl/bin:/Users/aycap/Library/Android/sdk/tools/bin/avdmanager:/Users/aycap/Library/Android/sdk:/usr/local/opt/libxml2/bin:/Users/aycap/.pub-cache/bin:/Users/aycap/Development/Tools/ffmpeg:/Users/aycap/Development/Tools/ngrok:/Users/aycap/Development/Tools/gifphy:/Users/aycap/Development/Tools/pngquant:/Users/aycap/Library/Android/sdk/emulator:/Users/aycap/Library/Android/sdk/cmdline-tools/bin:/Users/aycap/Library/Android/sdk:/Users/aycap/Development/Caddy/1.0.0:/Users/aycap/Development/Hack/jadx-0.9.0/bin:/Users/aycap/Development/Hack/sqlmap-1.3:/Users/aycap/Development/Flutter/flutter/bin/cache/dart-sdk/bin:/Users/aycap/development/Flutter/flutter/.pub-cache/bin:/Users/aycap/development/Flutter/flutter/bin:/Users/aycap/bin:/Users/aycap/Library/Android/sdk/tools:/Users/aycap/Library/Android/sdk/platform-tools:/Users/aycap/.gem/bin:/Users/aycap/Development/Golang//bin:/Users/aycap/.local/share/solana/install/active_release/bin:/Library/Frameworks/Python.framework/Versions/3.7/bin:/usr/local/bin:/usr/bin:/bin:/usr/sbin:/sbin:/usr/local/go/bin:/usr/local/share/dotnet:~/.dotnet/tools:/Library/Apple/usr/bin:/Library/Frameworks/Mono.framework/Versions/Current/Commands:/Users/aycap/.cargo/bin:/Users/aycap/.fig/bin:/Users/aycap/.local/bin:/Users/aycap/.rvm/bin:/Users/aycap/Library/Application Support/cloud-code/installer/google-cloud-sdk/bin:/Users/aycap/google-cloud-sdk/bin
# environment
LSCOLORS = Gxfxcxdxbxegedabagacad
# environment
GOPATH = /Users/aycap/Development/Golang/
# environment
LaunchInstanceID = DD9CAE40-ADA3-4CE1-8941-D8F852CFB3A3
# environment
VSCODE_LOG_STACK = false
# environment
ELECTRON_RUN_AS_NODE = 1
# environment
LDFLAGS = -L/usr/local/opt/libxml2/lib
# environment
ANDROID_HOME = /Users/aycap/Library/Android/sdk
# default
.FEATURES := target-specific order-only second-expansion else-if archives jobserver check-symlink
# environment
CLOUDSDK_METRICS_ENVIRONMENT = cloudcode.vscode
# environment
SSH_AUTH_SOCK = /private/tmp/com.apple.launchd.4db9EAqmvh/Listeners
# automatic
%F = $(notdir $%)
# environment
GOBIN = /Users/aycap/Development/Golang//bin
# environment
CLOUDSDK_METRICS_ENVIRONMENT_VERSION = 1.19.0
# environment
TTY = not a tty
# environment
VSCODE_PIPE_LOGGING = true
# environment
FIG_PID = 1859
# environment
PWD = /Users/aycap/Development/Golang/src/github.com/prongbang/fibergen
# environment
COCOS_TEMPLATES_ROOT = /Users/aycap/Development/cocos2d-x/templates
# environment
GEM_HOME = /Users/aycap/.gem
# environment
PKG_CONFIG_PATH = /usr/local/opt/libxml2/lib/pkgconfig
# environment
ORIGINAL_XDG_CURRENT_DESKTOP = undefined
# environment
GOMODCACHE = /Users/aycap/Development/Golang/pkg/mod
# environment
HOME = /Users/aycap
# default
MAKEFILEPATH := /Applications/Xcode.app/Contents/Developer/Makefiles
# environment
VSCODE_CODE_CACHE_PATH = /Users/aycap/Library/Application Support/Code/CachedData/30d9c6cd9483b2cc586687151bcbcd635f373630
# environment
LOGNAME = aycap
# environment
APPLICATION_INSIGHTS_NO_DIAGNOSTIC_CHANNEL = 1
# environment
ZSH = /Users/aycap/.oh-my-zsh
# environment
VSCODE_HANDLES_UNCAUGHT_ERRORS = true
# automatic
^D = $(patsubst %/,%,$(dir $^))
# environment
XPC_FLAGS = 0x0
# default
MAKE = $(MAKE_COMMAND)
# default
MAKECMDGOALS := all
# environment
ANDROID_NDK_HOME = /Users/aycap/Library/Android/sdk/ndk/22.1.7171670
# environment
SHLVL = 1
# environment
JAVA_HOME = /Applications/AndroidStudio.app/Contents/jre
# default
MAKE_VERSION := 3.81
# environment
USER = aycap
# makefile
.DEFAULT_GOAL := coverage
# environment
LESS = -R
# automatic
%D = $(patsubst %/,%,$(dir $%))
# environment
COCOS_CONSOLE_ROOT = /Users/aycap/Development/cocos2d-x/tools/cocos2d-console/bin
# environment
COCOS_X_ROOT = /Users/aycap/Development
# default
.VARIABLES := 
# environment
TMPDIR = /var/folders/6d/tdbvmp_d4fj62k67g1tdgtd00000gn/T/
# automatic
*F = $(notdir $*)
# environment
VSCODE_IPC_HOOK = /Users/aycap/Library/Application Support/Code/1.68.1-main.sock
# environment
BUN_INSTALL = /Users/aycap/.bun
# makefile
MAKEFLAGS = Rrqp
# environment
MFLAGS = -Rrqp
# automatic
*D = $(patsubst %/,%,$(dir $*))
# environment
XPC_SERVICE_NAME = application.com.microsoft.VSCode.269285875.269285882
# automatic
+D = $(patsubst %/,%,$(dir $+))
# automatic
+F = $(notdir $+)
# default
MAKE_COMMAND := /Applications/Xcode.app/Contents/Developer/usr/bin/make
# environment
__CF_USER_TEXT_ENCODING = 0x1F5:0x0:0x0
# environment
COMMAND_MODE = unix2003
# default
MAKEFILES := 
# automatic
<F = $(notdir $<)
# environment
PAGER = less
# environment
ANDROID_SDK_ROOT = /Users/aycap/Library/Android/sdk
# environment
LC_ALL = C
# environment
SECURITYSESSIONID = 186a8
# automatic
^F = $(notdir $^)
# default
SUFFIXES := 
# environment
NDK_ROOT = /Users/aycap/Library/Android/sdk/ndk-bundle
# default
.INCLUDE_DIRS = /usr/local/include
# environment
MAKELEVEL := 0
# environment
LANG = C
# environment
VSCODE_PID = 929
# variable set hash-table stats:
# Load=91/1024=9%, Rehash=0, Collisions=3/115=3%

# Pattern-specific Variable Values

# No pattern-specific variable values.

# Directories

# . (device 16777220, inode 167638020): 13 files, no impossibilities.

# 13 files, no impossibilities in 1 directories.

# Implicit Rules

# No implicit rules.

# Files

# Not a target:
all:
#  Command-line target.
#  Implicit rule search has been done.
#  File does not exist.
#  File has not been updated.
# variable set hash-table stats:
# Load=0/32=0%, Rehash=0, Collisions=0/0=0%

# Not a target:
.SUFFIXES:
#  Implicit rule search has not been done.
#  Modification time never checked.
#  File has not been updated.

# Not a target:
Makefile:
#  Implicit rule search has been done.
#  Last modified 2021-01-17 20:56:34
#  File has been updated.
#  Successfully updated.
# variable set hash-table stats:
# Load=0/32=0%, Rehash=0, Collisions=0/0=0%

test:
#  Implicit rule search has not been done.
#  Modification time never checked.
#  File has not been updated.
#  commands to execute (from `Makefile', line 7):
	go test -v ./...
	

# Not a target:
.DEFAULT:
#  Implicit rule search has not been done.
#  Modification time never checked.
#  File has not been updated.

coverage:
#  Implicit rule search has not been done.
#  Modification time never checked.
 
make: *** No rule to make target `all'.  Stop.

#  File has not been updated.
#  commands to execute (from `Makefile', line 2):
	go test -cover ./... -coverprofile=cover.out
	go tool cover -html=cover.out -o coverage.html
	open ./coverage.html
	

# files hash-table stats:
# Load=6/1024=1%, Rehash=0, Collisions=0/18=0%
# VPATH Search Paths

# No `vpath' search paths.

# No general (`VPATH' variable) search path.

# # of strings in strcache: 1
# # of strcache buffers: 1
# strcache size: total = 4096 / max = 4096 / min = 4096 / avg = 4096
# strcache free: total = 4087 / max = 4087 / min = 4087 / avg = 4087

# Finished Make data base on Tue Jul 12 23:52:05 2022

 
